evaluation	mode	p0	p1	delta	energy
1	INITIALIZING	0.5	1.5	nan	156.5
2	INITIALIZING	1.5	1.5	nan	56.5
3	INITIALIZING	0.5	2.5	1.598579041	506.5
4	REFLECTING	1.5	0.5	1.598579041	306.5
5	CONTRACTING	0.75	2	1.141347581	206.703125
6	REFLECTING	1.25	1	1.141347581	31.703125
7	EXPANDING	1.5	0.5	1.326193441	306.5
8	REFLECTING	2.25	1	1.326193441	1651.953125
9	CONTRACTING	0.9375	1.375	0.7861744113	24.61480713
10	REFLECTING	0.6875	0.875	0.7861744113	16.28570557
11	EXPANDING	0.28125	0.5625	0.6425419935	23.8840065
12	REFLECTING	0.375	1.25	0.6425419935	123.4619141
13	CONTRACTING	1.03125	1.0625	1.999825815	0.001071929932
14	REFLECTING	0.78125	0.5625	1.999736736	0.2768287659
15	REFLECTING	1.125	0.75	1.999736736	26.60253906
16	CONTRACTING	0.796875	0.84375	1.999025425	4.39850831
17	REFLECTING	1.015625	0.78125	1.999025425	6.262457132
18	CONTRACTING	0.8515625	0.828125	1.996042025	1.082239762
19	REFLECTING	0.9609375	0.796875	1.996042025	1.602405682
20	CONTRACTING	0.87890625	0.8203125	1.984571035	0.2434948916
21	REFLECTING	1.12890625	1.3203125	1.982468104	0.2271434302
22	REFLECTING	1.28125	1.5625	1.982468104	0.7048072815
23	CONTRACTING	0.9794921875	1.005859375	1.981211956	0.2162219736
24	REFLECTING	0.8818359375	0.748046875	1.980267646	0.101506215
25	REFLECTING	0.93359375	0.8046875	1.980267646	0.4521017903
26	CONTRACTING	0.9680175781	0.9555664062	1.958200451	0.03527886867
27	REFLECTING	1.117431641	1.270019531	1.958200451	0.05944103671
28	CONTRACTING	0.9407348633	0.878540039	1.882046054	0.007662349554
29	REFLECTING	1.003967285	0.9854736328	1.882046054	0.05053583822
30	CONTRACTING	0.9770050049	0.9630432128	1.514592497	0.007761308206
31	REFLECTING	0.9949798584	0.9779968262	1.514592497	0.01439663781
32	CONTRACTING	0.9814987183	0.9667816162	1.509092871	0.001526952716
33	REFLECTING	1.072013855	1.150741577	1.509092871	0.005419434501
34	CONTRACTING	0.9735546112	0.9465904236	0.5720324553	0.0008477493312
35	REFLECTING	1.023305893	1.042308807	0.5720324553	0.002891675475
36	CONTRACTING	0.991950512	0.985663414	1.009121677	0.0003529773877
37	REFLECTING	0.9342551232	0.8697538376	1.009121677	0.005270288307
38	CONTRACTING	1.007001281	1.014313459	1.752658119	5.587600008e-05
39	REFLECTING	1.025397182	1.053386449	1.752658119	0.00102412429
40	CONTRACTING	0.9865152538	0.9732894301	1.453338704	0.0001824325762
41	REFLECTING	1.001566023	1.001939475	1.062122565	0.0001452605274
42	REFLECTING	1.02205205	1.042963504	1.062122565	0.0007509696615
43	CONTRACTING	0.9953994529	0.9907079485	1.465126543	2.242217539e-05
44	REFLECTING	1.000834711	1.003081933	1.465126543	0.0002000186922
45	CONTRACTING	1.001383195	1.002225089	0.8545213121	3.14213982e-05
46	REFLECTING	0.9897813669	0.9786195785	0.8545213121	0.0002141619602
47	CONTRACTING	1.002696302	1.005389989	1.247580696	7.279815886e-06
48	REFLECTING	0.9967125599	0.9938728485	1.247580696	2.989729667e-05
49	CONTRACTING	1.000215536	1.000137029	1.019611525	8.695316567e-06
50	REFLECTING	1.007512385	1.01481907	1.019611525	6.330745288e-05
51	CONTRACTING	0.998427686	0.9967357288	0.747603508	3.963387706e-06
52	REFLECTING	1.000908452	1.001988689	0.747603508	3.74800745e-06
53	EXPANDING	1.00125491	1.002914519	0.6405139468	1.782571124e-05
54	REFLECTING	0.996639836	0.9933344288	0.6405139468	1.147963227e-05
55	CONTRACTING	1.001182185	1.002376099	0.951312808	1.408235237e-06
56	REFLECTING	1.003662951	1.007629059	0.9513128078	2.181212462e-05
57	CONTRACTING	0.9997365022	0.9994590614	1.907041887	8.906591311e-08
58	REFLECTING	1.000010235	0.9998464714	1.907041887	3.027659681e-06
59	CONTRACTING	1.000683898	1.001453135	1.761801525	1.188029951e-06
60	REFLECTING	0.9992382152	0.9985360974	1.720736913	9.294397032e-07
61	REFLECTING	0.9982908194	0.9965420238	1.720736913	3.102231991e-06
62	CONTRACTING	1.000085628	1.000225357	1.649849753	2.999446445e-07
63	REFLECTING	1.000583915	1.001148321	1.649849753	3.803588054e-07
64	CONTRACTING	0.9995746401	0.9991891533	1.166114456	3.384778722e-07
65	REFLECTING	1.00024749	1.000495265	1.166114456	6.125630645e-08
66	EXPANDING	1.000583915	1.001148321	1.320825409	3.803588054e-07
67	REFLECTING	0.9998983642	0.9997289694	1.320825409	4.695980425e-07
68	CONTRACTING	1.000038812	1.00010126	0.4323206085	5.736530025e-08
69	REFLECTING	1.0005498	1.001137464	0.4323206085	4.433683206e-07
70	CONTRACTING	0.9999398266	0.9998786619	1.764972129	3.719824815e-09
71	REFLECTING	0.9997311486	0.9994846569	1.764972129	1.219539795e-07
72	CONTRACTING	1.000118405	1.000242613	1.750055523	1.737097327e-08
73	REFLECTING	1.00001942	1.000020015	1.750055523	3.581661883e-08
74	CONTRACTING	1.000033964	1.000080949	1.304969167	1.810519344e-08
75	REFLECTING	1.000024268	1.000040326	1.281025591	7.330312891e-09
76	REFLECTING	0.9998456896	0.9996763749	1.281025591	4.639611367e-08
77	CONTRACTING	1.000050226	1.000101053	0.9439078987	2.558468589e-09
78	REFLECTING	0.9999657846	0.9999393889	0.9439078987	7.283633648e-09
79	CONTRACTING	1.000009647	1.000015092	0.6416480614	1.858823221e-09
80	REFLECTING	1.000120046	1.000237483	0.6416480614	1.509927067e-08
81	CONTRACTING	0.9999848815	0.9999683672	1.332727062	4.234586183e-10
82	REFLECTING	0.9999443025	0.9998824062	1.332727062	6.94857061e-09
83	CONTRACTING	1.000023745	1.000046391	1.146307907	6.84729085e-10
84	REFLECTING	0.9999989795	0.9999996662	1.146307907	2.924942482e-10
85	EXPANDING	0.9999936458	0.9999919533	0.6541237772	2.213482903e-09
86	REFLECTING	0.999960116	0.9999216424	0.6541237772	1.78920781e-09
87	CONTRACTING	1.000007838	1.000015204	0.9317884836	8.3718443e-11
88	REFLECTING	1.000021936	1.000046503	0.9317884836	1.173151017e-09
89	CONTRACTING	0.9999941451	0.9999879012	0.8620556068	4.941462101e-11
90	REFLECTING	1.000003004	1.000003439	0.8620556068	6.69004752e-10
91	CONTRACTING	0.9999999855	1.000000609	0.2482992733	4.070460925e-11
92	REFLECTING	0.9999862926	0.9999733062	0.2482992733	2.398498238e-10
93	CONTRACTING	1.000002452	1.00000473	0.2878759584	9.040113e-12
94	REFLECTING	1.000008292	1.000017438	0.2878759584	1.4167712e-10
95	CONTRACTING	0.9999976819	0.9999952854	0.2583657007	5.98832761e-12
96	REFLECTING	1.000000148	0.9999994064	0.2583657007	7.9160723e-11
97	CONTRACTING	1.000000026	1.000000308	0.0257455282	6.554275e-12
98	REFLECTING	0.9999952559	0.9999908634	0.0257455282	3.486715781e-11
99	CONTRACTING	1.000000653	1.000001263	0.05185600998	6.11312e-13
100	REFLECTING	0.9999983089	0.9999962404	0.05185600998	1.710311021e-11
101	CONTRACTING	0.9999995967	0.9999992911	0.047033903	1.11717589e-12
102	REFLECTING	1.000002568	1.000005269	0.047033903	8.363348e-12
103	CONTRACTING	0.9999989034	0.9999977812	0.005865932976	1.26807356e-12
104	REFLECTING	1.000001346	1.000002773	0.005865932976	2.467786e-12
105	CONTRACTING	0.9999995141	0.9999990291	0.007887243746	2.3617881e-13
106	REFLECTING	1.00000057	1.000001001	0.007887243746	2.257009e-12
107	CONTRACTING	0.9999998401	0.9999997186	0.003933860567	1.7302301e-13
108	REFLECTING	0.9999987012	0.9999974847	0.003933860567	2.36418244e-12
109	CONTRACTING	1.000000165	1.000000318	0.001750195233	4.1625e-14
110	REFLECTING	1.000000491	1.000001008	0.001750195233	3.08679e-13
111	CONTRACTING	0.9999997583	0.9999995237	0.001182385059	6.345889e-14
112	REFLECTING	1.000000083	1.000000123	0.001182385059	1.91789e-13
113	CONTRACTING	0.9999999009	0.9999998197	0.0001965691702	4.186081e-14
114	REFLECTING	1.000000308	1.000000614	0.0001965691702	9.5264e-14
115	CONTRACTING	0.9999998956	0.9999997963	0.0002553935566	1.349936e-14
116	REFLECTING	1.00000016	1.000000295	0.0002553935566	8.81e-14
117	CONTRACTING	0.9999999656	0.9999999384	0.0003175129706	6.36636e-15
118	REFLECTING	0.9999996962	0.9999994167	0.0003175129706	1.5134244e-13
119	CONTRACTING	1.000000048	1.000000093	9.272538363e-05	3.204e-15
120	REFLECTING	1.000000118	1.000000235	9.272538363e-05	1.4024e-14
121	CONTRACTING	0.9999999512	0.999999906	2.8482779e-05	3.67644e-15
122	REFLECTING	1.000000034	1.000000061	2.8482779e-05	6.056e-15
123	CONTRACTING	0.9999999826	0.9999999689	1.806512436e-05	1.67076e-15
124	REFLECTING	1.000000079	1.000000156	1.806512436e-05	6.641e-15
125	CONTRACTING	0.9999999832	0.9999999685	2.235331157e-05	7.2224e-16
126	REFLECTING	0.9999999178	0.9999998444	2.235331157e-05	1.449984e-14
127	CONTRACTING	1.000000015	1.000000031	1.213042669e-05	3.24e-16
128	REFLECTING	1.000000016	1.000000031	3.58701013e-06	3.56e-16
129	REFLECTING	1.000000048	1.000000093	3.58701013e-06	3.204e-15
130	CONTRACTING	0.9999999993	0.9999999997	2.121280944e-06	1.2049e-16
131	REFLECTING	0.9999999983	0.9999999997	2.121280944e-06	9.6289e-16
132	CONTRACTING	1.000000012	1.000000023	1.833051451e-06	2.44e-16
133	REFLECTING	0.9999999963	0.9999999917	1.833051451e-06	9.469e-17
134	EXPANDING	0.999999987	0.999999972	1.344862869e-06	5.69e-16
135	REFLECTING	0.9999999836	0.9999999684	1.344862869e-06	4.1196e-16
136	CONTRACTING	1.000000005	1.000000009	2.730079393e-07	1.25e-16
137	REFLECTING	0.9999999906	0.9999999824	2.730079393e-07	2.3136e-16
138	CONTRACTING	1.000000001	1.000000002	1.07626965e-06	1e-18
139	REFLECTING	0.999999998	0.999999994	1.07626965e-06	4.04e-16
140	CONTRACTING	0.999999999	0.9999999983	8.438841345e-07	9e-18
